<?xml version="1.0" encoding="UTF-8"?>
<testsuite xmlns:xsi="http://www.w3.org/2001/XMLSchema-instance" xsi:noNamespaceSchemaLocation="https://maven.apache.org/surefire/maven-surefire-plugin/xsd/surefire-test-report.xsd" name="com.cws.WechatPushApplicationTests" time="1.494" tests="1" errors="0" skipped="0" failures="0">
  <properties>
    <property name="sun.desktop" value="windows"/>
    <property name="awt.toolkit" value="sun.awt.windows.WToolkit"/>
    <property name="java.specification.version" value="11"/>
    <property name="sun.cpu.isalist" value="amd64"/>
    <property name="sun.jnu.encoding" value="GBK"/>
    <property name="java.class.path" value="D:\JavaDm\weather-push\target\test-classes;D:\JavaDm\weather-push\target\classes;D:\111\repo\org\springframework\boot\spring-boot-starter\2.7.3\spring-boot-starter-2.7.3.jar;D:\111\repo\org\springframework\boot\spring-boot\2.7.3\spring-boot-2.7.3.jar;D:\111\repo\org\springframework\spring-context\5.3.22\spring-context-5.3.22.jar;D:\111\repo\org\springframework\boot\spring-boot-autoconfigure\2.7.3\spring-boot-autoconfigure-2.7.3.jar;D:\111\repo\org\springframework\boot\spring-boot-starter-logging\2.7.3\spring-boot-starter-logging-2.7.3.jar;D:\111\repo\ch\qos\logback\logback-classic\1.2.11\logback-classic-1.2.11.jar;D:\111\repo\ch\qos\logback\logback-core\1.2.11\logback-core-1.2.11.jar;D:\111\repo\org\apache\logging\log4j\log4j-to-slf4j\2.17.2\log4j-to-slf4j-2.17.2.jar;D:\111\repo\org\apache\logging\log4j\log4j-api\2.17.2\log4j-api-2.17.2.jar;D:\111\repo\org\slf4j\jul-to-slf4j\1.7.36\jul-to-slf4j-1.7.36.jar;D:\111\repo\jakarta\annotation\jakarta.annotation-api\1.3.5\jakarta.annotation-api-1.3.5.jar;D:\111\repo\org\springframework\spring-core\5.3.22\spring-core-5.3.22.jar;D:\111\repo\org\springframework\spring-jcl\5.3.22\spring-jcl-5.3.22.jar;D:\111\repo\org\yaml\snakeyaml\1.30\snakeyaml-1.30.jar;D:\111\repo\org\springframework\boot\spring-boot-starter-test\2.7.3\spring-boot-starter-test-2.7.3.jar;D:\111\repo\org\springframework\boot\spring-boot-test\2.7.3\spring-boot-test-2.7.3.jar;D:\111\repo\org\springframework\boot\spring-boot-test-autoconfigure\2.7.3\spring-boot-test-autoconfigure-2.7.3.jar;D:\111\repo\com\jayway\jsonpath\json-path\2.7.0\json-path-2.7.0.jar;D:\111\repo\net\minidev\json-smart\2.4.8\json-smart-2.4.8.jar;D:\111\repo\net\minidev\accessors-smart\2.4.8\accessors-smart-2.4.8.jar;D:\111\repo\org\ow2\asm\asm\9.1\asm-9.1.jar;D:\111\repo\org\slf4j\slf4j-api\1.7.36\slf4j-api-1.7.36.jar;D:\111\repo\jakarta\xml\bind\jakarta.xml.bind-api\2.3.3\jakarta.xml.bind-api-2.3.3.jar;D:\111\repo\jakarta\activation\jakarta.activation-api\1.2.2\jakarta.activation-api-1.2.2.jar;D:\111\repo\org\assertj\assertj-core\3.22.0\assertj-core-3.22.0.jar;D:\111\repo\org\hamcrest\hamcrest\2.2\hamcrest-2.2.jar;D:\111\repo\org\junit\jupiter\junit-jupiter\5.8.2\junit-jupiter-5.8.2.jar;D:\111\repo\org\junit\jupiter\junit-jupiter-api\5.8.2\junit-jupiter-api-5.8.2.jar;D:\111\repo\org\opentest4j\opentest4j\1.2.0\opentest4j-1.2.0.jar;D:\111\repo\org\junit\platform\junit-platform-commons\1.8.2\junit-platform-commons-1.8.2.jar;D:\111\repo\org\apiguardian\apiguardian-api\1.1.2\apiguardian-api-1.1.2.jar;D:\111\repo\org\junit\jupiter\junit-jupiter-params\5.8.2\junit-jupiter-params-5.8.2.jar;D:\111\repo\org\junit\jupiter\junit-jupiter-engine\5.8.2\junit-jupiter-engine-5.8.2.jar;D:\111\repo\org\junit\platform\junit-platform-engine\1.8.2\junit-platform-engine-1.8.2.jar;D:\111\repo\org\mockito\mockito-core\4.5.1\mockito-core-4.5.1.jar;D:\111\repo\net\bytebuddy\byte-buddy\1.12.13\byte-buddy-1.12.13.jar;D:\111\repo\net\bytebuddy\byte-buddy-agent\1.12.13\byte-buddy-agent-1.12.13.jar;D:\111\repo\org\objenesis\objenesis\3.2\objenesis-3.2.jar;D:\111\repo\org\mockito\mockito-junit-jupiter\4.5.1\mockito-junit-jupiter-4.5.1.jar;D:\111\repo\org\skyscreamer\jsonassert\1.5.1\jsonassert-1.5.1.jar;D:\111\repo\com\vaadin\external\google\android-json\0.0.20131108.vaadin1\android-json-0.0.20131108.vaadin1.jar;D:\111\repo\org\springframework\spring-test\5.3.22\spring-test-5.3.22.jar;D:\111\repo\org\xmlunit\xmlunit-core\2.9.0\xmlunit-core-2.9.0.jar;D:\111\repo\org\projectlombok\lombok\1.18.20\lombok-1.18.20.jar;D:\111\repo\com\alibaba\fastjson\2.0.7\fastjson-2.0.7.jar;D:\111\repo\com\alibaba\fastjson2\fastjson2-extension\2.0.7\fastjson2-extension-2.0.7.jar;D:\111\repo\com\alibaba\fastjson2\fastjson2\2.0.7\fastjson2-2.0.7.jar;D:\111\repo\org\springframework\boot\spring-boot-starter-web\2.7.3\spring-boot-starter-web-2.7.3.jar;D:\111\repo\org\springframework\boot\spring-boot-starter-json\2.7.3\spring-boot-starter-json-2.7.3.jar;D:\111\repo\com\fasterxml\jackson\core\jackson-databind\2.13.3\jackson-databind-2.13.3.jar;D:\111\repo\com\fasterxml\jackson\core\jackson-annotations\2.13.3\jackson-annotations-2.13.3.jar;D:\111\repo\com\fasterxml\jackson\core\jackson-core\2.13.3\jackson-core-2.13.3.jar;D:\111\repo\com\fasterxml\jackson\datatype\jackson-datatype-jdk8\2.13.3\jackson-datatype-jdk8-2.13.3.jar;D:\111\repo\com\fasterxml\jackson\datatype\jackson-datatype-jsr310\2.13.3\jackson-datatype-jsr310-2.13.3.jar;D:\111\repo\com\fasterxml\jackson\module\jackson-module-parameter-names\2.13.3\jackson-module-parameter-names-2.13.3.jar;D:\111\repo\org\springframework\boot\spring-boot-starter-tomcat\2.7.3\spring-boot-starter-tomcat-2.7.3.jar;D:\111\repo\org\apache\tomcat\embed\tomcat-embed-core\9.0.65\tomcat-embed-core-9.0.65.jar;D:\111\repo\org\apache\tomcat\embed\tomcat-embed-el\9.0.65\tomcat-embed-el-9.0.65.jar;D:\111\repo\org\apache\tomcat\embed\tomcat-embed-websocket\9.0.65\tomcat-embed-websocket-9.0.65.jar;D:\111\repo\org\springframework\spring-web\5.3.22\spring-web-5.3.22.jar;D:\111\repo\org\springframework\spring-beans\5.3.22\spring-beans-5.3.22.jar;D:\111\repo\org\springframework\spring-webmvc\5.3.22\spring-webmvc-5.3.22.jar;D:\111\repo\org\springframework\spring-aop\5.3.22\spring-aop-5.3.22.jar;D:\111\repo\org\springframework\spring-expression\5.3.22\spring-expression-5.3.22.jar;D:\111\repo\com\github\binarywang\weixin-java-mp\3.3.0\weixin-java-mp-3.3.0.jar;D:\111\repo\com\github\binarywang\weixin-java-common\3.3.0\weixin-java-common-3.3.0.jar;D:\111\repo\com\thoughtworks\xstream\xstream\1.4.10\xstream-1.4.10.jar;D:\111\repo\xmlpull\xmlpull\1.1.3.1\xmlpull-1.1.3.1.jar;D:\111\repo\xpp3\xpp3_min\1.1.4c\xpp3_min-1.1.4c.jar;D:\111\repo\org\apache\httpcomponents\httpclient\4.5.13\httpclient-4.5.13.jar;D:\111\repo\org\apache\httpcomponents\httpcore\4.4.15\httpcore-4.4.15.jar;D:\111\repo\org\apache\httpcomponents\httpmime\4.5.13\httpmime-4.5.13.jar;D:\111\repo\org\slf4j\jcl-over-slf4j\1.7.36\jcl-over-slf4j-1.7.36.jar;D:\111\repo\com\google\code\gson\gson\2.9.1\gson-2.9.1.jar;D:\111\repo\commons-codec\commons-codec\1.15\commons-codec-1.15.jar;D:\111\repo\commons-io\commons-io\2.5\commons-io-2.5.jar;D:\111\repo\org\apache\commons\commons-lang3\3.12.0\commons-lang3-3.12.0.jar;D:\111\repo\com\google\guava\guava\20.0\guava-20.0.jar;D:\111\repo\org\dom4j\dom4j\2.0.0\dom4j-2.0.0.jar;D:\111\repo\jaxen\jaxen\1.2.0\jaxen-1.2.0.jar;"/>
    <property name="java.vm.vendor" value="Amazon.com Inc."/>
    <property name="sun.arch.data.model" value="64"/>
    <property name="user.variant" value=""/>
    <property name="java.vendor.url" value="https://aws.amazon.com/corretto/"/>
    <property name="user.timezone" value="Asia/Shanghai"/>
    <property name="java.vm.specification.version" value="11"/>
    <property name="os.name" value="Windows 10"/>
    <property name="sun.java.launcher" value="SUN_STANDARD"/>
    <property name="user.country" value="CN"/>
    <property name="sun.boot.library.path" value="C:\Users\Admin\.jdks\corretto-11.0.16.1\bin"/>
    <property name="sun.java.command" value="C:\Users\Admin\AppData\Local\Temp\surefire18396133646314535671\surefirebooter1543906118213195995.jar C:\Users\Admin\AppData\Local\Temp\surefire18396133646314535671 2022-10-11T10-03-15_465-jvmRun1 surefire11356575397994178932tmp surefire_017543454005420131591tmp"/>
    <property name="jdk.debug" value="release"/>
    <property name="surefire.test.class.path" value="D:\JavaDm\weather-push\target\test-classes;D:\JavaDm\weather-push\target\classes;D:\111\repo\org\springframework\boot\spring-boot-starter\2.7.3\spring-boot-starter-2.7.3.jar;D:\111\repo\org\springframework\boot\spring-boot\2.7.3\spring-boot-2.7.3.jar;D:\111\repo\org\springframework\spring-context\5.3.22\spring-context-5.3.22.jar;D:\111\repo\org\springframework\boot\spring-boot-autoconfigure\2.7.3\spring-boot-autoconfigure-2.7.3.jar;D:\111\repo\org\springframework\boot\spring-boot-starter-logging\2.7.3\spring-boot-starter-logging-2.7.3.jar;D:\111\repo\ch\qos\logback\logback-classic\1.2.11\logback-classic-1.2.11.jar;D:\111\repo\ch\qos\logback\logback-core\1.2.11\logback-core-1.2.11.jar;D:\111\repo\org\apache\logging\log4j\log4j-to-slf4j\2.17.2\log4j-to-slf4j-2.17.2.jar;D:\111\repo\org\apache\logging\log4j\log4j-api\2.17.2\log4j-api-2.17.2.jar;D:\111\repo\org\slf4j\jul-to-slf4j\1.7.36\jul-to-slf4j-1.7.36.jar;D:\111\repo\jakarta\annotation\jakarta.annotation-api\1.3.5\jakarta.annotation-api-1.3.5.jar;D:\111\repo\org\springframework\spring-core\5.3.22\spring-core-5.3.22.jar;D:\111\repo\org\springframework\spring-jcl\5.3.22\spring-jcl-5.3.22.jar;D:\111\repo\org\yaml\snakeyaml\1.30\snakeyaml-1.30.jar;D:\111\repo\org\springframework\boot\spring-boot-starter-test\2.7.3\spring-boot-starter-test-2.7.3.jar;D:\111\repo\org\springframework\boot\spring-boot-test\2.7.3\spring-boot-test-2.7.3.jar;D:\111\repo\org\springframework\boot\spring-boot-test-autoconfigure\2.7.3\spring-boot-test-autoconfigure-2.7.3.jar;D:\111\repo\com\jayway\jsonpath\json-path\2.7.0\json-path-2.7.0.jar;D:\111\repo\net\minidev\json-smart\2.4.8\json-smart-2.4.8.jar;D:\111\repo\net\minidev\accessors-smart\2.4.8\accessors-smart-2.4.8.jar;D:\111\repo\org\ow2\asm\asm\9.1\asm-9.1.jar;D:\111\repo\org\slf4j\slf4j-api\1.7.36\slf4j-api-1.7.36.jar;D:\111\repo\jakarta\xml\bind\jakarta.xml.bind-api\2.3.3\jakarta.xml.bind-api-2.3.3.jar;D:\111\repo\jakarta\activation\jakarta.activation-api\1.2.2\jakarta.activation-api-1.2.2.jar;D:\111\repo\org\assertj\assertj-core\3.22.0\assertj-core-3.22.0.jar;D:\111\repo\org\hamcrest\hamcrest\2.2\hamcrest-2.2.jar;D:\111\repo\org\junit\jupiter\junit-jupiter\5.8.2\junit-jupiter-5.8.2.jar;D:\111\repo\org\junit\jupiter\junit-jupiter-api\5.8.2\junit-jupiter-api-5.8.2.jar;D:\111\repo\org\opentest4j\opentest4j\1.2.0\opentest4j-1.2.0.jar;D:\111\repo\org\junit\platform\junit-platform-commons\1.8.2\junit-platform-commons-1.8.2.jar;D:\111\repo\org\apiguardian\apiguardian-api\1.1.2\apiguardian-api-1.1.2.jar;D:\111\repo\org\junit\jupiter\junit-jupiter-params\5.8.2\junit-jupiter-params-5.8.2.jar;D:\111\repo\org\junit\jupiter\junit-jupiter-engine\5.8.2\junit-jupiter-engine-5.8.2.jar;D:\111\repo\org\junit\platform\junit-platform-engine\1.8.2\junit-platform-engine-1.8.2.jar;D:\111\repo\org\mockito\mockito-core\4.5.1\mockito-core-4.5.1.jar;D:\111\repo\net\bytebuddy\byte-buddy\1.12.13\byte-buddy-1.12.13.jar;D:\111\repo\net\bytebuddy\byte-buddy-agent\1.12.13\byte-buddy-agent-1.12.13.jar;D:\111\repo\org\objenesis\objenesis\3.2\objenesis-3.2.jar;D:\111\repo\org\mockito\mockito-junit-jupiter\4.5.1\mockito-junit-jupiter-4.5.1.jar;D:\111\repo\org\skyscreamer\jsonassert\1.5.1\jsonassert-1.5.1.jar;D:\111\repo\com\vaadin\external\google\android-json\0.0.20131108.vaadin1\android-json-0.0.20131108.vaadin1.jar;D:\111\repo\org\springframework\spring-test\5.3.22\spring-test-5.3.22.jar;D:\111\repo\org\xmlunit\xmlunit-core\2.9.0\xmlunit-core-2.9.0.jar;D:\111\repo\org\projectlombok\lombok\1.18.20\lombok-1.18.20.jar;D:\111\repo\com\alibaba\fastjson\2.0.7\fastjson-2.0.7.jar;D:\111\repo\com\alibaba\fastjson2\fastjson2-extension\2.0.7\fastjson2-extension-2.0.7.jar;D:\111\repo\com\alibaba\fastjson2\fastjson2\2.0.7\fastjson2-2.0.7.jar;D:\111\repo\org\springframework\boot\spring-boot-starter-web\2.7.3\spring-boot-starter-web-2.7.3.jar;D:\111\repo\org\springframework\boot\spring-boot-starter-json\2.7.3\spring-boot-starter-json-2.7.3.jar;D:\111\repo\com\fasterxml\jackson\core\jackson-databind\2.13.3\jackson-databind-2.13.3.jar;D:\111\repo\com\fasterxml\jackson\core\jackson-annotations\2.13.3\jackson-annotations-2.13.3.jar;D:\111\repo\com\fasterxml\jackson\core\jackson-core\2.13.3\jackson-core-2.13.3.jar;D:\111\repo\com\fasterxml\jackson\datatype\jackson-datatype-jdk8\2.13.3\jackson-datatype-jdk8-2.13.3.jar;D:\111\repo\com\fasterxml\jackson\datatype\jackson-datatype-jsr310\2.13.3\jackson-datatype-jsr310-2.13.3.jar;D:\111\repo\com\fasterxml\jackson\module\jackson-module-parameter-names\2.13.3\jackson-module-parameter-names-2.13.3.jar;D:\111\repo\org\springframework\boot\spring-boot-starter-tomcat\2.7.3\spring-boot-starter-tomcat-2.7.3.jar;D:\111\repo\org\apache\tomcat\embed\tomcat-embed-core\9.0.65\tomcat-embed-core-9.0.65.jar;D:\111\repo\org\apache\tomcat\embed\tomcat-embed-el\9.0.65\tomcat-embed-el-9.0.65.jar;D:\111\repo\org\apache\tomcat\embed\tomcat-embed-websocket\9.0.65\tomcat-embed-websocket-9.0.65.jar;D:\111\repo\org\springframework\spring-web\5.3.22\spring-web-5.3.22.jar;D:\111\repo\org\springframework\spring-beans\5.3.22\spring-beans-5.3.22.jar;D:\111\repo\org\springframework\spring-webmvc\5.3.22\spring-webmvc-5.3.22.jar;D:\111\repo\org\springframework\spring-aop\5.3.22\spring-aop-5.3.22.jar;D:\111\repo\org\springframework\spring-expression\5.3.22\spring-expression-5.3.22.jar;D:\111\repo\com\github\binarywang\weixin-java-mp\3.3.0\weixin-java-mp-3.3.0.jar;D:\111\repo\com\github\binarywang\weixin-java-common\3.3.0\weixin-java-common-3.3.0.jar;D:\111\repo\com\thoughtworks\xstream\xstream\1.4.10\xstream-1.4.10.jar;D:\111\repo\xmlpull\xmlpull\1.1.3.1\xmlpull-1.1.3.1.jar;D:\111\repo\xpp3\xpp3_min\1.1.4c\xpp3_min-1.1.4c.jar;D:\111\repo\org\apache\httpcomponents\httpclient\4.5.13\httpclient-4.5.13.jar;D:\111\repo\org\apache\httpcomponents\httpcore\4.4.15\httpcore-4.4.15.jar;D:\111\repo\org\apache\httpcomponents\httpmime\4.5.13\httpmime-4.5.13.jar;D:\111\repo\org\slf4j\jcl-over-slf4j\1.7.36\jcl-over-slf4j-1.7.36.jar;D:\111\repo\com\google\code\gson\gson\2.9.1\gson-2.9.1.jar;D:\111\repo\commons-codec\commons-codec\1.15\commons-codec-1.15.jar;D:\111\repo\commons-io\commons-io\2.5\commons-io-2.5.jar;D:\111\repo\org\apache\commons\commons-lang3\3.12.0\commons-lang3-3.12.0.jar;D:\111\repo\com\google\guava\guava\20.0\guava-20.0.jar;D:\111\repo\org\dom4j\dom4j\2.0.0\dom4j-2.0.0.jar;D:\111\repo\jaxen\jaxen\1.2.0\jaxen-1.2.0.jar;"/>
    <property name="sun.cpu.endian" value="little"/>
    <property name="user.home" value="C:\Users\Admin"/>
    <property name="user.language" value="zh"/>
    <property name="java.specification.vendor" value="Oracle Corporation"/>
    <property name="java.version.date" value="2022-08-12"/>
    <property name="java.home" value="C:\Users\Admin\.jdks\corretto-11.0.16.1"/>
    <property name="file.separator" value="\"/>
    <property name="basedir" value="D:\JavaDm\weather-push"/>
    <property name="java.vm.compressedOopsMode" value="Zero based"/>
    <property name="line.separator" value="&#10;"/>
    <property name="java.specification.name" value="Java Platform API Specification"/>
    <property name="java.vm.specification.vendor" value="Oracle Corporation"/>
    <property name="java.awt.graphicsenv" value="sun.awt.Win32GraphicsEnvironment"/>
    <property name="surefire.real.class.path" value="C:\Users\Admin\AppData\Local\Temp\surefire18396133646314535671\surefirebooter1543906118213195995.jar"/>
    <property name="user.script" value=""/>
    <property name="sun.management.compiler" value="HotSpot 64-Bit Tiered Compilers"/>
    <property name="java.runtime.version" value="11.0.16.1+9-LTS"/>
    <property name="user.name" value="Admin"/>
    <property name="path.separator" value=";"/>
    <property name="os.version" value="10.0"/>
    <property name="java.runtime.name" value="OpenJDK Runtime Environment"/>
    <property name="file.encoding" value="GBK"/>
    <property name="java.vm.name" value="OpenJDK 64-Bit Server VM"/>
    <property name="java.vendor.version" value="Corretto-11.0.16.9.1"/>
    <property name="localRepository" value="D:\111\repo"/>
    <property name="java.vendor.url.bug" value="https://github.com/corretto/corretto-11/issues/"/>
    <property name="java.io.tmpdir" value="C:\Users\Admin\AppData\Local\Temp\"/>
    <property name="idea.version" value="2020.3.2"/>
    <property name="java.version" value="11.0.16.1"/>
    <property name="user.dir" value="D:\JavaDm\weather-push"/>
    <property name="os.arch" value="amd64"/>
    <property name="java.vm.specification.name" value="Java Virtual Machine Specification"/>
    <property name="java.awt.printerjob" value="sun.awt.windows.WPrinterJob"/>
    <property name="sun.os.patch.level" value=""/>
    <property name="java.library.path" value="C:\Users\Admin\.jdks\corretto-11.0.16.1\bin;C:\Windows\Sun\Java\bin;C:\Windows\system32;C:\Windows;C:\Program Files (x86)\Common Files\Oracle\Java\javapath;C:\Windows\system32;C:\Windows;C:\Windows\System32\Wbem;C:\Windows\System32\WindowsPowerShell\v1.0\;C:\Windows\System32\OpenSSH\;D:\Program Files\Bandizip\;C:\Program Files\Git\cmd;&quot;%JAVA_HOME%\bin;%JAVA_HOME%\jre\bin;&quot;;D:\Maven\apache-maven-3.8.6\bin;D:\QQDownload\mysql-5.7.38-winx64\mysql-5.7.38-winx64\bin;D:\Program Files\nodejs\;&quot;;D:\apache-zookeeper-3.8.0-bin\bin;&quot;;D:\Program Files\nodejs\node_global\node_modules\yarn\bin;C:\Users\Admin\AppData\Local\Microsoft\WindowsApps;C:\Program Files (x86)\Tencent\QQGameTempest\Hall.57795\;D:\Microsoft VS Code\bin;C:\Users\Admin\AppData\Roaming\npm;D:\Programs\Fiddler;."/>
    <property name="java.vm.info" value="mixed mode"/>
    <property name="java.vendor" value="Amazon.com Inc."/>
    <property name="java.vm.version" value="11.0.16.1+9-LTS"/>
    <property name="sun.io.unicode.encoding" value="UnicodeLittle"/>
    <property name="maven.repo.local" value="D:\111\repo"/>
    <property name="java.class.version" value="55.0"/>
  </properties>
  <testcase name="contextLoads" classname="com.cws.WechatPushApplicationTests" time="0.203"/>
</testsuite>